2025-07-14T17:00:44.082+02:00  INFO 13228 --- [api] [restartedMain] com.nouboudem.api.ApiApplication         : Starting ApiApplication using Java 21.0.6 with PID 13228 (D:\pro\BTP\api\target\classes started by Ange Lugresse in D:\pro\BTP\api)
2025-07-14T17:00:44.112+02:00 DEBUG 13228 --- [api] [restartedMain] com.nouboudem.api.ApiApplication         : Running with Spring Boot v3.5.3, Spring v6.2.8
2025-07-14T17:00:44.115+02:00  INFO 13228 --- [api] [restartedMain] com.nouboudem.api.ApiApplication         : No active profile set, falling back to 1 default profile: "default"
2025-07-14T17:00:44.779+02:00  INFO 13228 --- [api] [restartedMain] .e.DevToolsPropertyDefaultsPostProcessor : Devtools property defaults active! Set 'spring.devtools.add-properties' to 'false' to disable
2025-07-14T17:00:44.782+02:00  INFO 13228 --- [api] [restartedMain] .e.DevToolsPropertyDefaultsPostProcessor : For additional web related logging consider setting the 'logging.level.web' property to 'DEBUG'
2025-07-14T17:00:50.313+02:00  INFO 13228 --- [api] [restartedMain] .s.d.r.c.RepositoryConfigurationDelegate : Bootstrapping Spring Data JPA repositories in DEFAULT mode.
2025-07-14T17:00:50.704+02:00  INFO 13228 --- [api] [restartedMain] .s.d.r.c.RepositoryConfigurationDelegate : Finished Spring Data repository scanning in 338 ms. Found 12 JPA repository interfaces.
2025-07-14T17:00:52.782+02:00  INFO 13228 --- [api] [restartedMain] o.s.b.w.embedded.tomcat.TomcatWebServer  : Tomcat initialized with port 8080 (http)
2025-07-14T17:00:52.912+02:00  INFO 13228 --- [api] [restartedMain] o.apache.catalina.core.StandardService   : Starting service [Tomcat]
2025-07-14T17:00:52.916+02:00  INFO 13228 --- [api] [restartedMain] o.apache.catalina.core.StandardEngine    : Starting Servlet engine: [Apache Tomcat/10.1.42]
2025-07-14T17:00:53.251+02:00  INFO 13228 --- [api] [restartedMain] o.a.c.c.C.[Tomcat].[localhost].[/]       : Initializing Spring embedded WebApplicationContext
2025-07-14T17:00:53.252+02:00  INFO 13228 --- [api] [restartedMain] w.s.c.ServletWebServerApplicationContext : Root WebApplicationContext: initialization completed in 8454 ms
2025-07-14T17:00:54.378+02:00  INFO 13228 --- [api] [restartedMain] o.hibernate.jpa.internal.util.LogHelper  : HHH000204: Processing PersistenceUnitInfo [name: default]
2025-07-14T17:00:55.084+02:00  INFO 13228 --- [api] [restartedMain] org.hibernate.Version                    : HHH000412: Hibernate ORM core version 6.6.18.Final
2025-07-14T17:00:55.523+02:00  INFO 13228 --- [api] [restartedMain] o.h.c.internal.RegionFactoryInitiator    : HHH000026: Second-level cache disabled
2025-07-14T17:00:57.239+02:00  INFO 13228 --- [api] [restartedMain] o.s.o.j.p.SpringPersistenceUnitInfo      : No LoadTimeWeaver setup: ignoring JPA class transformer
2025-07-14T17:00:57.443+02:00  INFO 13228 --- [api] [restartedMain] com.zaxxer.hikari.HikariDataSource       : HikariPool-1 - Starting...
2025-07-14T17:01:01.072+02:00  INFO 13228 --- [api] [restartedMain] com.zaxxer.hikari.pool.HikariPool        : HikariPool-1 - Added connection com.mysql.cj.jdbc.ConnectionImpl@62301179
2025-07-14T17:01:01.079+02:00  INFO 13228 --- [api] [restartedMain] com.zaxxer.hikari.HikariDataSource       : HikariPool-1 - Start completed.
2025-07-14T17:01:01.814+02:00  WARN 13228 --- [api] [restartedMain] org.hibernate.orm.deprecation            : HHH90000025: MySQL8Dialect does not need to be specified explicitly using 'hibernate.dialect' (remove the property setting and it will be selected by default)
2025-07-14T17:01:01.848+02:00  WARN 13228 --- [api] [restartedMain] org.hibernate.orm.deprecation            : HHH90000026: MySQL8Dialect has been deprecated; use org.hibernate.dialect.MySQLDialect instead
2025-07-14T17:01:01.965+02:00  INFO 13228 --- [api] [restartedMain] org.hibernate.orm.connections.pooling    : HHH10001005: Database info:
	Database JDBC URL [Connecting through datasource 'HikariDataSource (HikariPool-1)']
	Database driver: undefined/unknown
	Database version: 8.0
	Autocommit mode: undefined/unknown
	Isolation level: undefined/unknown
	Minimum pool size: undefined/unknown
	Maximum pool size: undefined/unknown
2025-07-14T17:01:06.802+02:00  INFO 13228 --- [api] [restartedMain] o.h.e.t.j.p.i.JtaPlatformInitiator       : HHH000489: No JTA platform available (set 'hibernate.transaction.jta.platform' to enable JTA platform integration)
2025-07-14T17:01:31.605+02:00  INFO 13228 --- [api] [restartedMain] j.LocalContainerEntityManagerFactoryBean : Initialized JPA EntityManagerFactory for persistence unit 'default'
2025-07-14T17:01:40.722+02:00  WARN 13228 --- [api] [restartedMain] JpaBaseConfiguration$JpaWebConfiguration : spring.jpa.open-in-view is enabled by default. Therefore, database queries may be performed during view rendering. Explicitly configure spring.jpa.open-in-view to disable this warning
2025-07-14T17:01:45.622+02:00  INFO 13228 --- [api] [restartedMain] o.s.b.d.a.OptionalLiveReloadServer       : LiveReload server is running on port 35729
2025-07-14T17:01:45.658+02:00  INFO 13228 --- [api] [restartedMain] o.s.b.a.e.web.EndpointLinksResolver      : Exposing 1 endpoint beneath base path '/actuator'
2025-07-14T17:01:46.384+02:00  INFO 13228 --- [api] [restartedMain] o.s.b.w.embedded.tomcat.TomcatWebServer  : Tomcat started on port 8080 (http) with context path '/'
2025-07-14T17:01:46.548+02:00  INFO 13228 --- [api] [restartedMain] com.nouboudem.api.ApiApplication         : Started ApiApplication in 64.798 seconds (process running for 67.042)
2025-07-14T17:05:07.488+02:00  INFO 13228 --- [api] [http-nio-8080-exec-2] o.a.c.c.C.[Tomcat].[localhost].[/]       : Initializing Spring DispatcherServlet 'dispatcherServlet'
2025-07-14T17:05:07.489+02:00  INFO 13228 --- [api] [http-nio-8080-exec-2] o.s.web.servlet.DispatcherServlet        : Initializing Servlet 'dispatcherServlet'
2025-07-14T17:05:07.499+02:00  INFO 13228 --- [api] [http-nio-8080-exec-2] o.s.web.servlet.DispatcherServlet        : Completed initialization in 7 ms
